{
  "headline": "FIIs Accelerate Indian Equity Sell-Off in March Amid Geopolitical Tensions, YTD Outflows Top Rs 1.27 Lakh Crore",
  "summary": "Foreign institutional investors (FIIs) offloaded a significant Rs 1.14 lakh crore from Indian equities in March, marking the worst month so far in 2026, bringing the year-to-date outflow to Rs 1.27 lakh crore. This sustained selling is attributed to the Iran-Israel war, global equity market weakness, rupee depreciation, and concerns over crude prices impacting India's growth and corporate earnings. Despite some buying by domestic institutional investors (DIIs), Indian frontline indices experienced sharp declines.",
  "arcType": "Crisis Spiral",
  "avgSentiment": -0.61,
  "events": [
    {
      "date": "2025",
      "title": "FIIs Withdrew Rs 1.66 Lakh Crore",
      "summary": "Foreign institutional investors withdrew Rs 1,66,286 crore from Indian markets, with patchy buying trends and an overall bearish sentiment due to trade deal delays and premium valuations.",
      "sentiment": -0.8,
      "tag": "bearish"
    },
    {
      "date": "Jan 2026",
      "title": "FIIs Sold Rs 35,962 Crore",
      "summary": "FIIs were net sellers in January, offloading Rs 35,962 crore worth of Indian shares.",
      "sentiment": -0.6,
      "tag": "bearish"
    },
    {
      "date": "Feb 2026",
      "title": "FIIs Turned Net Buyers",
      "summary": "FIIs turned net buyers in February, purchasing shares worth Rs 22,615 crore in the domestic markets.",
      "sentiment": +0.6,
      "tag": "bullish"
    },
    {
      "date": "Mar 2026",
      "title": "Worst Monthly FII Outflow",
      "summary": "FIIs offloaded Rs 1,13,810 crore from domestic equities, making it the worst month so far for outflows.",
      "sentiment": -0.9,
      "tag": "crisis"
    },
    {
      "date": "YTD 2026 (up to March)",
      "title": "Total YTD Outflow Reaches Rs 1.27 Lakh Crore",
      "summary": "So far this year, FIIs have offloaded a cumulative Rs 1,27,157 crore from Indian shares, driven by geopolitical and economic concerns.",
      "sentiment": -0.9,
      "tag": "crisis"
    },
    {
      "date": "Recent Friday",
      "title": "FIIs Continue Selling, DIIs Buy",
      "summary": "FIIs sold domestic shares worth Rs 4,367.30 crore, while DIIs were net buyers at Rs 3,566.15 crore.",
      "sentiment": -0.5,
      "tag": "bearish"
    },
    {
      "date": "Ongoing",
      "title": "Iran-Israel War Fuels Global Risk-Off",
      "summary": "The Iran-Israel war has contributed to weakness in global equity markets and a risk-off trend, influencing FII selling across emerging markets.",
      "sentiment": -0.9,
      "tag": "critical"
    },
    {
      "date": "Recent",
      "title": "Indian Indices Suffer Sharp Cuts",
      "summary": "Indian frontline indices, Nifty and Sensex, ended a two-session rally with sharp cuts of over 2% due to geopolitical tensions and elevated energy prices.",
      "sentiment": -0.8,
      "tag": "bearish"
    }
  ],
  "entities": [
    {
      "name": "Foreign institutional investors (FIIs)",
      "type": "institution",
      "role": "Major sellers of Indian equities",
      "connections": [
        {
          "label": "offloaded",
          "target": "Indian equities"
        },
        {
          "label": "influenced by",
          "target": "Iran"
        },
        {
          "label": "influenced by",
          "target": "Israel"
        }
      ]
    },
    {
      "name": "Domestic institutional investors (DIIs)",
      "type": "institution",
      "role": "Net buyers of Indian equities",
      "connections": [
        {
          "label": "bought",
          "target": "Indian equities"
        }
      ]
    },
    {
      "name": "Dr. VK Vijayakumar",
      "type": "person",
      "role": "Chief Investment Strategist",
      "connections": [
        {
          "label": "Chief Investment Strategist at",
          "target": "Geojit Investments"
        },
        {
          "label": "comments on",
          "target": "FIIs"
        }
      ]
    },
    {
      "name": "Geojit Investments",
      "type": "company",
      "role": "Investment firm",
      "connections": []
    },
    {
      "name": "Iran",
      "type": "institution",
      "role": "Country involved in conflict",
      "connections": [
        {
          "label": "involved in war with",
          "target": "Israel"
        }
      ]
    },
    {
      "name": "Israel",
      "type": "institution",
      "role": "Country involved in conflict",
      "connections": []
    }
  ],
  "altViewpoints": [
    "The significant selling by FIIs is part of a broader global risk-off trend affecting other emerging markets like Taiwan and South Korea, suggesting it's not solely an India-specific issue.",
    "Domestic institutional investors (DIIs) are acting as net buyers, providing some counter-balance to the FII outflows and potentially stabilizing the market.",
    "FIIs were net buyers in February, indicating that their selling strategy is not consistently bearish and sentiment can shift rapidly based on geopolitical and economic developments."
  ],
  "futurePredictions": [
    {
      "implication": "Continued FII selling if West Asia hostilities persist.",
      "probability": "High",
      "timeframe": "1-3 months"
    },
    {
      "implication": "Indian market recovery if crude prices decline.",
      "probability": "Medium",
      "timeframe": "3-6 months"
    },
    {
      "implication": "FII strategy shift if global risk-off trend subsides.",
      "probability": "Medium",
      "timeframe": "Immediate"
    }
  ],
  "mermaidDiagram": "graph LR\n  FIIs[Foreign Institutional Investors] -->|offloaded| IndianEquities[Indian Equities]\n  FIIs -->|influenced by| Iran[Iran]\n  FIIs -->|influenced by| Israel[Israel]\n  DIIs[Domestic Institutional Investors] -->|bought| IndianEquities\n  DrVKVijayakumar[Dr. VK Vijayakumar] -->|Chief Investment Strategist at| GeojitInvestments[Geojit Investments]\n  DrVKVijayakumar -->|comments on| FIIs\n  Iran -->|involved in war with| Israel\n  War[Iran-Israel War] -->|causes| GlobalRiskOff[Global Risk-Off Trend]\n  GlobalRiskOff -->|impacts| FIIs\n  IndianEquities -->|market in| India[India]"
}